[ 2016-04-20T09:48:21+08:00 ] 127.0.0.1 /index.php/home/index/index
INFO: [ app_init ] --START--
INFO: Run Behavior\BuildLiteBehavior [ RunTime:0.000000s ]
INFO: [ app_init ] --END-- [ RunTime:0.002001s ]
INFO: [ app_begin ] --START--
INFO: Run Behavior\ReadHtmlCacheBehavior [ RunTime:0.002000s ]
INFO: [ app_begin ] --END-- [ RunTime:0.002000s ]
INFO: [ view_parse ] --START--
INFO: [ template_filter ] --START--
INFO: Run Behavior\ContentReplaceBehavior [ RunTime:0.000000s ]
INFO: [ template_filter ] --END-- [ RunTime:0.000000s ]
INFO: Run Behavior\ParseTemplateBehavior [ RunTime:0.017001s ]
INFO: [ view_parse ] --END-- [ RunTime:0.017001s ]
INFO: [ view_filter ] --START--
INFO: Run Behavior\WriteHtmlCacheBehavior [ RunTime:0.000000s ]
INFO: [ view_filter ] --END-- [ RunTime:0.000000s ]
INFO: [ app_end ] --START--
INFO: Run Behavior\ShowPageTraceBehavior [ RunTime:0.001000s ]
INFO: [ app_end ] --END-- [ RunTime:0.001000s ]

[ 2016-04-20T10:47:43+08:00 ] 127.0.0.1 /index.php
INFO: [ app_init ] --START--
INFO: Run Behavior\BuildLiteBehavior [ RunTime:0.000000s ]
INFO: [ app_init ] --END-- [ RunTime:0.001001s ]
INFO: [ app_begin ] --START--
INFO: Run Behavior\ReadHtmlCacheBehavior [ RunTime:0.000000s ]
INFO: [ app_begin ] --END-- [ RunTime:0.000000s ]
INFO: [ view_parse ] --START--
ERR: 模板不存在:./Roma/Home/View/layout.html

[ 2016-04-20T10:48:51+08:00 ] 127.0.0.1 /index.php
INFO: [ app_init ] --START--
INFO: Run Behavior\BuildLiteBehavior [ RunTime:0.000000s ]
INFO: [ app_init ] --END-- [ RunTime:0.000000s ]
INFO: [ app_begin ] --START--
INFO: Run Behavior\ReadHtmlCacheBehavior [ RunTime:0.000000s ]
INFO: [ app_begin ] --END-- [ RunTime:0.000000s ]
INFO: [ view_parse ] --START--
INFO: [ template_filter ] --START--
INFO: Run Behavior\ContentReplaceBehavior [ RunTime:0.000000s ]
INFO: [ template_filter ] --END-- [ RunTime:0.000000s ]
INFO: Run Behavior\ParseTemplateBehavior [ RunTime:0.002001s ]
INFO: [ view_parse ] --END-- [ RunTime:0.003001s ]
INFO: [ view_filter ] --START--
INFO: Run Behavior\WriteHtmlCacheBehavior [ RunTime:0.001000s ]
INFO: [ view_filter ] --END-- [ RunTime:0.001000s ]
INFO: [ app_end ] --START--
INFO: Run Behavior\ShowPageTraceBehavior [ RunTime:0.000000s ]
INFO: [ app_end ] --END-- [ RunTime:0.000000s ]

[ 2016-04-20T10:49:01+08:00 ] 127.0.0.1 /index.php
INFO: [ app_init ] --START--
INFO: Run Behavior\BuildLiteBehavior [ RunTime:0.000000s ]
INFO: [ app_init ] --END-- [ RunTime:0.001000s ]
INFO: [ app_begin ] --START--
INFO: Run Behavior\ReadHtmlCacheBehavior [ RunTime:0.000000s ]
INFO: [ app_begin ] --END-- [ RunTime:0.001000s ]
INFO: [ view_parse ] --START--
INFO: [ template_filter ] --START--
INFO: Run Behavior\ContentReplaceBehavior [ RunTime:0.000000s ]
INFO: [ template_filter ] --END-- [ RunTime:0.000000s ]
INFO: Run Behavior\ParseTemplateBehavior [ RunTime:0.011001s ]
INFO: [ view_parse ] --END-- [ RunTime:0.011001s ]
INFO: [ view_filter ] --START--
INFO: Run Behavior\WriteHtmlCacheBehavior [ RunTime:0.001000s ]
INFO: [ view_filter ] --END-- [ RunTime:0.001000s ]
INFO: [ app_end ] --START--
INFO: Run Behavior\ShowPageTraceBehavior [ RunTime:0.000000s ]
INFO: [ app_end ] --END-- [ RunTime:0.000000s ]

[ 2016-04-20T10:52:27+08:00 ] 127.0.0.1 /index.php
INFO: [ app_init ] --START--
INFO: Run Behavior\BuildLiteBehavior [ RunTime:0.000000s ]
INFO: [ app_init ] --END-- [ RunTime:0.001000s ]
INFO: [ app_begin ] --START--
INFO: Run Behavior\ReadHtmlCacheBehavior [ RunTime:0.001000s ]
INFO: [ app_begin ] --END-- [ RunTime:0.001000s ]
INFO: [ view_parse ] --START--
INFO: [ template_filter ] --START--
INFO: Run Behavior\ContentReplaceBehavior [ RunTime:0.000000s ]
INFO: [ template_filter ] --END-- [ RunTime:0.000000s ]
INFO: Run Behavior\ParseTemplateBehavior [ RunTime:0.009000s ]
INFO: [ view_parse ] --END-- [ RunTime:0.010000s ]
INFO: [ view_filter ] --START--
INFO: Run Behavior\WriteHtmlCacheBehavior [ RunTime:0.000000s ]
INFO: [ view_filter ] --END-- [ RunTime:0.000000s ]
INFO: [ app_end ] --START--
INFO: Run Behavior\ShowPageTraceBehavior [ RunTime:0.001000s ]
INFO: [ app_end ] --END-- [ RunTime:0.001000s ]

[ 2016-04-20T10:52:35+08:00 ] 127.0.0.1 /index.php/home/product/product
INFO: [ app_init ] --START--
INFO: Run Behavior\BuildLiteBehavior [ RunTime:0.000000s ]
INFO: [ app_init ] --END-- [ RunTime:0.001000s ]
INFO: [ app_begin ] --START--
INFO: Run Behavior\ReadHtmlCacheBehavior [ RunTime:0.001000s ]
INFO: [ app_begin ] --END-- [ RunTime:0.001000s ]
INFO: [ view_parse ] --START--
INFO: [ template_filter ] --START--
INFO: Run Behavior\ContentReplaceBehavior [ RunTime:0.000000s ]
INFO: [ template_filter ] --END-- [ RunTime:0.000000s ]
INFO: Run Behavior\ParseTemplateBehavior [ RunTime:0.011000s ]
INFO: [ view_parse ] --END-- [ RunTime:0.011000s ]
INFO: [ view_filter ] --START--
INFO: Run Behavior\WriteHtmlCacheBehavior [ RunTime:0.001000s ]
INFO: [ view_filter ] --END-- [ RunTime:0.001000s ]
INFO: [ app_end ] --START--
INFO: Run Behavior\ShowPageTraceBehavior [ RunTime:0.001001s ]
INFO: [ app_end ] --END-- [ RunTime:0.001001s ]

[ 2016-04-20T10:59:23+08:00 ] 127.0.0.1 /index.php/home/index/index
INFO: [ app_init ] --START--
INFO: Run Behavior\BuildLiteBehavior [ RunTime:0.000000s ]
INFO: [ app_init ] --END-- [ RunTime:0.000000s ]
INFO: [ app_begin ] --START--
INFO: Run Behavior\ReadHtmlCacheBehavior [ RunTime:0.001000s ]
INFO: [ app_begin ] --END-- [ RunTime:0.001000s ]
INFO: [ view_parse ] --START--
INFO: [ template_filter ] --START--
INFO: Run Behavior\ContentReplaceBehavior [ RunTime:0.000000s ]
INFO: [ template_filter ] --END-- [ RunTime:0.000000s ]
INFO: Run Behavior\ParseTemplateBehavior [ RunTime:0.012001s ]
INFO: [ view_parse ] --END-- [ RunTime:0.012001s ]
INFO: [ view_filter ] --START--
INFO: Run Behavior\WriteHtmlCacheBehavior [ RunTime:0.000000s ]
INFO: [ view_filter ] --END-- [ RunTime:0.000000s ]
INFO: [ app_end ] --START--
INFO: Run Behavior\ShowPageTraceBehavior [ RunTime:0.001000s ]
INFO: [ app_end ] --END-- [ RunTime:0.001000s ]

[ 2016-04-20T11:04:34+08:00 ] 127.0.0.1 /index.php/home/index/index
INFO: [ app_init ] --START--
INFO: Run Behavior\BuildLiteBehavior [ RunTime:0.000000s ]
INFO: [ app_init ] --END-- [ RunTime:0.000000s ]
INFO: [ app_begin ] --START--
INFO: Run Behavior\ReadHtmlCacheBehavior [ RunTime:0.001000s ]
INFO: [ app_begin ] --END-- [ RunTime:0.001000s ]
INFO: [ view_parse ] --START--
INFO: [ template_filter ] --START--
INFO: Run Behavior\ContentReplaceBehavior [ RunTime:0.000000s ]
INFO: [ template_filter ] --END-- [ RunTime:0.000000s ]
INFO: Run Behavior\ParseTemplateBehavior [ RunTime:0.009000s ]
INFO: [ view_parse ] --END-- [ RunTime:0.009000s ]
INFO: [ view_filter ] --START--
INFO: Run Behavior\WriteHtmlCacheBehavior [ RunTime:0.001000s ]
INFO: [ view_filter ] --END-- [ RunTime:0.001000s ]
INFO: [ app_end ] --START--
INFO: Run Behavior\ShowPageTraceBehavior [ RunTime:0.001000s ]
INFO: [ app_end ] --END-- [ RunTime:0.001000s ]

[ 2016-04-20T11:13:27+08:00 ] 127.0.0.1 /index.php/home/index/index
INFO: [ app_init ] --START--
INFO: Run Behavior\BuildLiteBehavior [ RunTime:0.001000s ]
INFO: [ app_init ] --END-- [ RunTime:0.001000s ]
INFO: [ app_begin ] --START--
INFO: Run Behavior\ReadHtmlCacheBehavior [ RunTime:0.000000s ]
INFO: [ app_begin ] --END-- [ RunTime:0.000000s ]
INFO: [ view_parse ] --START--
INFO: [ template_filter ] --START--
INFO: Run Behavior\ContentReplaceBehavior [ RunTime:0.001000s ]
INFO: [ template_filter ] --END-- [ RunTime:0.001000s ]

[ 2016-04-20T11:13:29+08:00 ] 127.0.0.1 /index.php/home/index/index
INFO: [ app_init ] --START--
INFO: Run Behavior\BuildLiteBehavior [ RunTime:0.000000s ]
INFO: [ app_init ] --END-- [ RunTime:0.001000s ]
INFO: [ app_begin ] --START--
INFO: Run Behavior\ReadHtmlCacheBehavior [ RunTime:0.001000s ]
INFO: [ app_begin ] --END-- [ RunTime:0.001000s ]
INFO: [ view_parse ] --START--
INFO: [ template_filter ] --START--
INFO: Run Behavior\ContentReplaceBehavior [ RunTime:0.000000s ]
INFO: [ template_filter ] --END-- [ RunTime:0.000000s ]

[ 2016-04-20T11:13:34+08:00 ] 127.0.0.1 /index.php/
INFO: [ app_init ] --START--
INFO: Run Behavior\BuildLiteBehavior [ RunTime:0.000000s ]
INFO: [ app_init ] --END-- [ RunTime:0.000000s ]
INFO: [ app_begin ] --START--
INFO: Run Behavior\ReadHtmlCacheBehavior [ RunTime:0.001000s ]
INFO: [ app_begin ] --END-- [ RunTime:0.001000s ]
INFO: [ view_parse ] --START--
INFO: [ template_filter ] --START--
INFO: Run Behavior\ContentReplaceBehavior [ RunTime:0.000000s ]
INFO: [ template_filter ] --END-- [ RunTime:0.000000s ]

[ 2016-04-20T11:13:51+08:00 ] 127.0.0.1 /index.php/
INFO: [ app_init ] --START--
INFO: Run Behavior\BuildLiteBehavior [ RunTime:0.000000s ]
INFO: [ app_init ] --END-- [ RunTime:0.000000s ]
INFO: [ app_begin ] --START--
INFO: Run Behavior\ReadHtmlCacheBehavior [ RunTime:0.001000s ]
INFO: [ app_begin ] --END-- [ RunTime:0.001000s ]
INFO: [ view_parse ] --START--
INFO: [ template_filter ] --START--
INFO: Run Behavior\ContentReplaceBehavior [ RunTime:0.000000s ]
INFO: [ template_filter ] --END-- [ RunTime:0.000000s ]
INFO: Run Behavior\ParseTemplateBehavior [ RunTime:0.008001s ]
INFO: [ view_parse ] --END-- [ RunTime:0.009001s ]
INFO: [ view_filter ] --START--
INFO: Run Behavior\WriteHtmlCacheBehavior [ RunTime:0.000000s ]
INFO: [ view_filter ] --END-- [ RunTime:0.000000s ]
INFO: [ app_end ] --START--
INFO: Run Behavior\ShowPageTraceBehavior [ RunTime:0.001000s ]
INFO: [ app_end ] --END-- [ RunTime:0.001000s ]

[ 2016-04-20T11:15:14+08:00 ] 127.0.0.1 /index.php/
INFO: [ app_init ] --START--
INFO: Run Behavior\BuildLiteBehavior [ RunTime:0.000000s ]
INFO: [ app_init ] --END-- [ RunTime:0.001000s ]
INFO: [ app_begin ] --START--
INFO: Run Behavior\ReadHtmlCacheBehavior [ RunTime:0.001000s ]
INFO: [ app_begin ] --END-- [ RunTime:0.001000s ]
INFO: [ view_parse ] --START--
INFO: [ template_filter ] --START--
INFO: Run Behavior\ContentReplaceBehavior [ RunTime:0.001000s ]
INFO: [ template_filter ] --END-- [ RunTime:0.001000s ]
INFO: Run Behavior\ParseTemplateBehavior [ RunTime:0.011001s ]
INFO: [ view_parse ] --END-- [ RunTime:0.011001s ]
INFO: [ view_filter ] --START--
INFO: Run Behavior\WriteHtmlCacheBehavior [ RunTime:0.000000s ]
INFO: [ view_filter ] --END-- [ RunTime:0.000000s ]
INFO: [ app_end ] --START--
INFO: Run Behavior\ShowPageTraceBehavior [ RunTime:0.000000s ]
INFO: [ app_end ] --END-- [ RunTime:0.000000s ]

[ 2016-04-20T11:15:25+08:00 ] 127.0.0.1 /index.php/
INFO: [ app_init ] --START--
INFO: Run Behavior\BuildLiteBehavior [ RunTime:0.000000s ]
INFO: [ app_init ] --END-- [ RunTime:0.001000s ]
INFO: [ app_begin ] --START--
INFO: Run Behavior\ReadHtmlCacheBehavior [ RunTime:0.001000s ]
INFO: [ app_begin ] --END-- [ RunTime:0.001000s ]
INFO: [ view_parse ] --START--
INFO: [ template_filter ] --START--
INFO: Run Behavior\ContentReplaceBehavior [ RunTime:0.000000s ]
INFO: [ template_filter ] --END-- [ RunTime:0.000000s ]
INFO: Run Behavior\ParseTemplateBehavior [ RunTime:0.009001s ]
INFO: [ view_parse ] --END-- [ RunTime:0.010001s ]
INFO: [ view_filter ] --START--
INFO: Run Behavior\WriteHtmlCacheBehavior [ RunTime:0.000000s ]
INFO: [ view_filter ] --END-- [ RunTime:0.000000s ]
INFO: [ app_end ] --START--
INFO: Run Behavior\ShowPageTraceBehavior [ RunTime:0.001000s ]
INFO: [ app_end ] --END-- [ RunTime:0.001000s ]

[ 2016-04-20T11:15:29+08:00 ] 127.0.0.1 /index.php/home/company/news.html
INFO: [ app_init ] --START--
INFO: Run Behavior\BuildLiteBehavior [ RunTime:0.000000s ]
INFO: [ app_init ] --END-- [ RunTime:0.000000s ]
INFO: [ app_begin ] --START--
INFO: Run Behavior\ReadHtmlCacheBehavior [ RunTime:0.001000s ]
INFO: [ app_begin ] --END-- [ RunTime:0.001000s ]
INFO: [ view_parse ] --START--
INFO: [ template_filter ] --START--
INFO: Run Behavior\ContentReplaceBehavior [ RunTime:0.000000s ]
INFO: [ template_filter ] --END-- [ RunTime:0.000000s ]
INFO: Run Behavior\ParseTemplateBehavior [ RunTime:0.010001s ]
INFO: [ view_parse ] --END-- [ RunTime:0.010001s ]
INFO: [ view_filter ] --START--
INFO: Run Behavior\WriteHtmlCacheBehavior [ RunTime:0.001000s ]
INFO: [ view_filter ] --END-- [ RunTime:0.001000s ]
INFO: [ app_end ] --START--
INFO: Run Behavior\ShowPageTraceBehavior [ RunTime:0.000000s ]
INFO: [ app_end ] --END-- [ RunTime:0.000000s ]

[ 2016-04-20T11:15:31+08:00 ] 127.0.0.1 /index.php/home/product/product.html
INFO: [ app_init ] --START--
INFO: Run Behavior\BuildLiteBehavior [ RunTime:0.000000s ]
INFO: [ app_init ] --END-- [ RunTime:0.000000s ]
INFO: [ app_begin ] --START--
INFO: Run Behavior\ReadHtmlCacheBehavior [ RunTime:0.001000s ]
INFO: [ app_begin ] --END-- [ RunTime:0.001000s ]
INFO: [ view_parse ] --START--
INFO: [ template_filter ] --START--
INFO: Run Behavior\ContentReplaceBehavior [ RunTime:0.000000s ]
INFO: [ template_filter ] --END-- [ RunTime:0.000000s ]
INFO: Run Behavior\ParseTemplateBehavior [ RunTime:0.008000s ]
INFO: [ view_parse ] --END-- [ RunTime:0.008000s ]
INFO: [ view_filter ] --START--
INFO: Run Behavior\WriteHtmlCacheBehavior [ RunTime:0.000000s ]
INFO: [ view_filter ] --END-- [ RunTime:0.000000s ]
INFO: [ app_end ] --START--
INFO: Run Behavior\ShowPageTraceBehavior [ RunTime:0.000000s ]
INFO: [ app_end ] --END-- [ RunTime:0.000000s ]

[ 2016-04-20T11:15:33+08:00 ] 127.0.0.1 /index.php/home/company/Introduction.html
INFO: [ app_init ] --START--
INFO: Run Behavior\BuildLiteBehavior [ RunTime:0.000000s ]
INFO: [ app_init ] --END-- [ RunTime:0.001000s ]
INFO: [ app_begin ] --START--
INFO: Run Behavior\ReadHtmlCacheBehavior [ RunTime:0.001000s ]
INFO: [ app_begin ] --END-- [ RunTime:0.001000s ]
INFO: [ view_parse ] --START--
INFO: [ template_filter ] --START--
INFO: Run Behavior\ContentReplaceBehavior [ RunTime:0.000000s ]
INFO: [ template_filter ] --END-- [ RunTime:0.000000s ]
INFO: Run Behavior\ParseTemplateBehavior [ RunTime:0.008000s ]
INFO: [ view_parse ] --END-- [ RunTime:0.008000s ]
INFO: [ view_filter ] --START--
INFO: Run Behavior\WriteHtmlCacheBehavior [ RunTime:0.000000s ]
INFO: [ view_filter ] --END-- [ RunTime:0.000000s ]
INFO: [ app_end ] --START--
INFO: Run Behavior\ShowPageTraceBehavior [ RunTime:0.001000s ]
INFO: [ app_end ] --END-- [ RunTime:0.001000s ]

[ 2016-04-20T11:15:34+08:00 ] 127.0.0.1 /index.php/home/index/index.html
INFO: [ app_init ] --START--
INFO: Run Behavior\BuildLiteBehavior [ RunTime:0.000000s ]
INFO: [ app_init ] --END-- [ RunTime:0.001000s ]
INFO: [ app_begin ] --START--
INFO: Run Behavior\ReadHtmlCacheBehavior [ RunTime:0.000000s ]
INFO: [ app_begin ] --END-- [ RunTime:0.000000s ]
INFO: [ view_parse ] --START--
INFO: [ template_filter ] --START--
INFO: Run Behavior\ContentReplaceBehavior [ RunTime:0.000000s ]
INFO: [ template_filter ] --END-- [ RunTime:0.000000s ]
INFO: Run Behavior\ParseTemplateBehavior [ RunTime:0.012000s ]
INFO: [ view_parse ] --END-- [ RunTime:0.012000s ]
INFO: [ view_filter ] --START--
INFO: Run Behavior\WriteHtmlCacheBehavior [ RunTime:0.000000s ]
INFO: [ view_filter ] --END-- [ RunTime:0.000000s ]
INFO: [ app_end ] --START--
INFO: Run Behavior\ShowPageTraceBehavior [ RunTime:0.000000s ]
INFO: [ app_end ] --END-- [ RunTime:0.000000s ]

[ 2016-04-20T15:10:53+08:00 ] 127.0.0.1 /index.php/home/index/index
INFO: [ app_init ] --START--
INFO: Run Behavior\BuildLiteBehavior [ RunTime:0.000000s ]
INFO: [ app_init ] --END-- [ RunTime:0.001000s ]
INFO: [ app_begin ] --START--
INFO: Run Behavior\ReadHtmlCacheBehavior [ RunTime:0.001000s ]
INFO: [ app_begin ] --END-- [ RunTime:0.001000s ]
INFO: [ view_parse ] --START--
INFO: [ template_filter ] --START--
INFO: Run Behavior\ContentReplaceBehavior [ RunTime:0.000000s ]
INFO: [ template_filter ] --END-- [ RunTime:0.000000s ]
INFO: Run Behavior\ParseTemplateBehavior [ RunTime:0.015001s ]
INFO: [ view_parse ] --END-- [ RunTime:0.015001s ]
INFO: [ view_filter ] --START--
INFO: Run Behavior\WriteHtmlCacheBehavior [ RunTime:0.000000s ]
INFO: [ view_filter ] --END-- [ RunTime:0.000000s ]
INFO: [ app_end ] --START--
INFO: Run Behavior\ShowPageTraceBehavior [ RunTime:0.001000s ]
INFO: [ app_end ] --END-- [ RunTime:0.001000s ]

[ 2016-04-20T15:13:04+08:00 ] 127.0.0.1 /index.php/home/company/Introduction.html
INFO: [ app_init ] --START--
INFO: Run Behavior\BuildLiteBehavior [ RunTime:0.000000s ]
INFO: [ app_init ] --END-- [ RunTime:0.000000s ]
INFO: [ app_begin ] --START--
INFO: Run Behavior\ReadHtmlCacheBehavior [ RunTime:0.001000s ]
INFO: [ app_begin ] --END-- [ RunTime:0.001000s ]
INFO: [ view_parse ] --START--
INFO: [ template_filter ] --START--
INFO: Run Behavior\ContentReplaceBehavior [ RunTime:0.000000s ]
INFO: [ template_filter ] --END-- [ RunTime:0.000000s ]
INFO: Run Behavior\ParseTemplateBehavior [ RunTime:0.009001s ]
INFO: [ view_parse ] --END-- [ RunTime:0.009001s ]
INFO: [ view_filter ] --START--
INFO: Run Behavior\WriteHtmlCacheBehavior [ RunTime:0.000000s ]
INFO: [ view_filter ] --END-- [ RunTime:0.000000s ]
INFO: [ app_end ] --START--
INFO: Run Behavior\ShowPageTraceBehavior [ RunTime:0.001000s ]
INFO: [ app_end ] --END-- [ RunTime:0.001000s ]

[ 2016-04-20T15:18:31+08:00 ] 127.0.0.1 /index.php/home/product/product.html
INFO: [ app_init ] --START--
INFO: Run Behavior\BuildLiteBehavior [ RunTime:0.000000s ]
INFO: [ app_init ] --END-- [ RunTime:0.001000s ]
INFO: [ app_begin ] --START--
INFO: Run Behavior\ReadHtmlCacheBehavior [ RunTime:0.001000s ]
INFO: [ app_begin ] --END-- [ RunTime:0.001000s ]
INFO: [ view_parse ] --START--
INFO: [ template_filter ] --START--
INFO: Run Behavior\ContentReplaceBehavior [ RunTime:0.000000s ]
INFO: [ template_filter ] --END-- [ RunTime:0.000000s ]
INFO: Run Behavior\ParseTemplateBehavior [ RunTime:0.010001s ]
INFO: [ view_parse ] --END-- [ RunTime:0.010001s ]
INFO: [ view_filter ] --START--
INFO: Run Behavior\WriteHtmlCacheBehavior [ RunTime:0.001000s ]
INFO: [ view_filter ] --END-- [ RunTime:0.001000s ]
INFO: [ app_end ] --START--
INFO: Run Behavior\ShowPageTraceBehavior [ RunTime:0.001000s ]
INFO: [ app_end ] --END-- [ RunTime:0.001000s ]

[ 2016-04-20T15:18:42+08:00 ] 127.0.0.1 /index.php/home/company/news.html
INFO: [ app_init ] --START--
INFO: Run Behavior\BuildLiteBehavior [ RunTime:0.000000s ]
INFO: [ app_init ] --END-- [ RunTime:0.001000s ]
INFO: [ app_begin ] --START--
INFO: Run Behavior\ReadHtmlCacheBehavior [ RunTime:0.001000s ]
INFO: [ app_begin ] --END-- [ RunTime:0.001000s ]
INFO: [ view_parse ] --START--
INFO: [ template_filter ] --START--
INFO: Run Behavior\ContentReplaceBehavior [ RunTime:0.000000s ]
INFO: [ template_filter ] --END-- [ RunTime:0.000000s ]
INFO: Run Behavior\ParseTemplateBehavior [ RunTime:0.009001s ]
INFO: [ view_parse ] --END-- [ RunTime:0.009001s ]
INFO: [ view_filter ] --START--
INFO: Run Behavior\WriteHtmlCacheBehavior [ RunTime:0.000000s ]
INFO: [ view_filter ] --END-- [ RunTime:0.000000s ]
INFO: [ app_end ] --START--
INFO: Run Behavior\ShowPageTraceBehavior [ RunTime:0.001000s ]
INFO: [ app_end ] --END-- [ RunTime:0.001000s ]

[ 2016-04-20T15:18:50+08:00 ] 127.0.0.1 /index.php/home/company/news.html
INFO: [ app_init ] --START--
INFO: Run Behavior\BuildLiteBehavior [ RunTime:0.000000s ]
INFO: [ app_init ] --END-- [ RunTime:0.000000s ]
INFO: [ app_begin ] --START--
INFO: Run Behavior\ReadHtmlCacheBehavior [ RunTime:0.000000s ]
INFO: [ app_begin ] --END-- [ RunTime:0.000000s ]
INFO: [ view_parse ] --START--
INFO: [ template_filter ] --START--
INFO: Run Behavior\ContentReplaceBehavior [ RunTime:0.000000s ]
INFO: [ template_filter ] --END-- [ RunTime:0.000000s ]
INFO: Run Behavior\ParseTemplateBehavior [ RunTime:0.008000s ]
INFO: [ view_parse ] --END-- [ RunTime:0.008000s ]
INFO: [ view_filter ] --START--
INFO: Run Behavior\WriteHtmlCacheBehavior [ RunTime:0.000000s ]
INFO: [ view_filter ] --END-- [ RunTime:0.000000s ]
INFO: [ app_end ] --START--
INFO: Run Behavior\ShowPageTraceBehavior [ RunTime:0.000000s ]
INFO: [ app_end ] --END-- [ RunTime:0.000000s ]

[ 2016-04-20T15:19:00+08:00 ] 127.0.0.1 /index.php/home/product/productMain.html
INFO: [ app_init ] --START--
INFO: Run Behavior\BuildLiteBehavior [ RunTime:0.000000s ]
INFO: [ app_init ] --END-- [ RunTime:0.001000s ]
INFO: [ app_begin ] --START--
INFO: Run Behavior\ReadHtmlCacheBehavior [ RunTime:0.001000s ]
INFO: [ app_begin ] --END-- [ RunTime:0.001000s ]
INFO: [ view_parse ] --START--
INFO: [ template_filter ] --START--
INFO: Run Behavior\ContentReplaceBehavior [ RunTime:0.000000s ]
INFO: [ template_filter ] --END-- [ RunTime:0.000000s ]
INFO: Run Behavior\ParseTemplateBehavior [ RunTime:0.009001s ]
INFO: [ view_parse ] --END-- [ RunTime:0.009001s ]
INFO: [ view_filter ] --START--
INFO: Run Behavior\WriteHtmlCacheBehavior [ RunTime:0.000000s ]
INFO: [ view_filter ] --END-- [ RunTime:0.000000s ]
INFO: [ app_end ] --START--
INFO: Run Behavior\ShowPageTraceBehavior [ RunTime:0.000000s ]
INFO: [ app_end ] --END-- [ RunTime:0.001000s ]

[ 2016-04-20T15:19:22+08:00 ] 127.0.0.1 /index.php/home/index/jointo.html
INFO: [ app_init ] --START--
INFO: Run Behavior\BuildLiteBehavior [ RunTime:0.000000s ]
INFO: [ app_init ] --END-- [ RunTime:0.001000s ]
INFO: [ app_begin ] --START--
INFO: Run Behavior\ReadHtmlCacheBehavior [ RunTime:0.000000s ]
INFO: [ app_begin ] --END-- [ RunTime:0.000000s ]
INFO: [ view_parse ] --START--
INFO: [ template_filter ] --START--
INFO: Run Behavior\ContentReplaceBehavior [ RunTime:0.000000s ]
INFO: [ template_filter ] --END-- [ RunTime:0.000000s ]
INFO: Run Behavior\ParseTemplateBehavior [ RunTime:0.008001s ]
INFO: [ view_parse ] --END-- [ RunTime:0.008001s ]
INFO: [ view_filter ] --START--
INFO: Run Behavior\WriteHtmlCacheBehavior [ RunTime:0.000000s ]
INFO: [ view_filter ] --END-- [ RunTime:0.000000s ]
INFO: [ app_end ] --START--
INFO: Run Behavior\ShowPageTraceBehavior [ RunTime:0.001000s ]
INFO: [ app_end ] --END-- [ RunTime:0.001000s ]

[ 2016-04-20T15:40:54+08:00 ] 127.0.0.1 /index.php/home/index/index.html
INFO: [ app_init ] --START--
INFO: Run Behavior\BuildLiteBehavior [ RunTime:0.000000s ]
INFO: [ app_init ] --END-- [ RunTime:0.000000s ]
INFO: [ app_begin ] --START--
INFO: Run Behavior\ReadHtmlCacheBehavior [ RunTime:0.001000s ]
INFO: [ app_begin ] --END-- [ RunTime:0.001000s ]
INFO: [ view_parse ] --START--
INFO: [ template_filter ] --START--
INFO: Run Behavior\ContentReplaceBehavior [ RunTime:0.000000s ]
INFO: [ template_filter ] --END-- [ RunTime:0.000000s ]
INFO: Run Behavior\ParseTemplateBehavior [ RunTime:0.010000s ]
INFO: [ view_parse ] --END-- [ RunTime:0.010000s ]
INFO: [ view_filter ] --START--
INFO: Run Behavior\WriteHtmlCacheBehavior [ RunTime:0.000000s ]
INFO: [ view_filter ] --END-- [ RunTime:0.000000s ]
INFO: [ app_end ] --START--
INFO: Run Behavior\ShowPageTraceBehavior [ RunTime:0.000000s ]
INFO: [ app_end ] --END-- [ RunTime:0.000000s ]

[ 2016-04-20T15:51:51+08:00 ] 127.0.0.1 /index.php/home/index/index
INFO: [ app_init ] --START--
INFO: Run Behavior\BuildLiteBehavior [ RunTime:0.000000s ]
INFO: [ app_init ] --END-- [ RunTime:0.001000s ]
INFO: [ app_begin ] --START--
INFO: Run Behavior\ReadHtmlCacheBehavior [ RunTime:0.001000s ]
INFO: [ app_begin ] --END-- [ RunTime:0.001000s ]
INFO: [ view_parse ] --START--
INFO: [ template_filter ] --START--
INFO: Run Behavior\ContentReplaceBehavior [ RunTime:0.000000s ]
INFO: [ template_filter ] --END-- [ RunTime:0.000000s ]
ERR: 1146:Table 'lesso.category' doesn't exist
 [ SQL语句 ] : SHOW COLUMNS FROM `category`
ERR: 1146:Table 'lesso.category' doesn't exist
 [ SQL语句 ] : SHOW COLUMNS FROM `category`

[ 2016-04-20T15:52:14+08:00 ] 127.0.0.1 /index.php/home/index/index
INFO: [ app_init ] --START--
INFO: Run Behavior\BuildLiteBehavior [ RunTime:0.000000s ]
INFO: [ app_init ] --END-- [ RunTime:0.000000s ]
INFO: [ app_begin ] --START--
INFO: Run Behavior\ReadHtmlCacheBehavior [ RunTime:0.001000s ]
INFO: [ app_begin ] --END-- [ RunTime:0.001000s ]
INFO: [ view_parse ] --START--
INFO: [ template_filter ] --START--
INFO: Run Behavior\ContentReplaceBehavior [ RunTime:0.000000s ]
INFO: [ template_filter ] --END-- [ RunTime:0.000000s ]
SQL: SHOW COLUMNS FROM `category` [ RunTime:0.0050s ]
SQL: SELECT * FROM `category` WHERE ( fid=0 )  [ RunTime:0.0000s ]
NOTIC: [8] Use of undefined constant v - assumed 'v' E:\internet\nginx\html\Roma\Runtime\Cache\Home\350ba6218a15f85d69ef8d8e6c5b2e3f.php 第 9 行.
NOTIC: [2] Illegal string offset 'url' E:\internet\nginx\html\Roma\Runtime\Cache\Home\350ba6218a15f85d69ef8d8e6c5b2e3f.php 第 9 行.
NOTIC: [8] Use of undefined constant v - assumed 'v' E:\internet\nginx\html\Roma\Runtime\Cache\Home\350ba6218a15f85d69ef8d8e6c5b2e3f.php 第 9 行.
NOTIC: [2] Illegal string offset 'url' E:\internet\nginx\html\Roma\Runtime\Cache\Home\350ba6218a15f85d69ef8d8e6c5b2e3f.php 第 9 行.
NOTIC: [8] Use of undefined constant v - assumed 'v' E:\internet\nginx\html\Roma\Runtime\Cache\Home\350ba6218a15f85d69ef8d8e6c5b2e3f.php 第 9 行.
NOTIC: [2] Illegal string offset 'url' E:\internet\nginx\html\Roma\Runtime\Cache\Home\350ba6218a15f85d69ef8d8e6c5b2e3f.php 第 9 行.
NOTIC: [8] Use of undefined constant v - assumed 'v' E:\internet\nginx\html\Roma\Runtime\Cache\Home\350ba6218a15f85d69ef8d8e6c5b2e3f.php 第 9 行.
NOTIC: [2] Illegal string offset 'url' E:\internet\nginx\html\Roma\Runtime\Cache\Home\350ba6218a15f85d69ef8d8e6c5b2e3f.php 第 9 行.
NOTIC: [8] Use of undefined constant v - assumed 'v' E:\internet\nginx\html\Roma\Runtime\Cache\Home\350ba6218a15f85d69ef8d8e6c5b2e3f.php 第 9 行.
NOTIC: [2] Illegal string offset 'url' E:\internet\nginx\html\Roma\Runtime\Cache\Home\350ba6218a15f85d69ef8d8e6c5b2e3f.php 第 9 行.
NOTIC: [8] Use of undefined constant v - assumed 'v' E:\internet\nginx\html\Roma\Runtime\Cache\Home\350ba6218a15f85d69ef8d8e6c5b2e3f.php 第 9 行.
NOTIC: [2] Illegal string offset 'url' E:\internet\nginx\html\Roma\Runtime\Cache\Home\350ba6218a15f85d69ef8d8e6c5b2e3f.php 第 9 行.
INFO: Run Behavior\ParseTemplateBehavior [ RunTime:0.034002s ]
INFO: [ view_parse ] --END-- [ RunTime:0.034002s ]
INFO: [ view_filter ] --START--
INFO: Run Behavior\WriteHtmlCacheBehavior [ RunTime:0.001000s ]
INFO: [ view_filter ] --END-- [ RunTime:0.001000s ]
INFO: [ app_end ] --START--
INFO: Run Behavior\ShowPageTraceBehavior [ RunTime:0.000000s ]
INFO: [ app_end ] --END-- [ RunTime:0.001000s ]

[ 2016-04-20T15:52:35+08:00 ] 127.0.0.1 /index.php/home/index/index
INFO: [ app_init ] --START--
INFO: Run Behavior\BuildLiteBehavior [ RunTime:0.000000s ]
INFO: [ app_init ] --END-- [ RunTime:0.001000s ]
INFO: [ app_begin ] --START--
INFO: Run Behavior\ReadHtmlCacheBehavior [ RunTime:0.001000s ]
INFO: [ app_begin ] --END-- [ RunTime:0.001000s ]
INFO: [ view_parse ] --START--
INFO: [ template_filter ] --START--
INFO: Run Behavior\ContentReplaceBehavior [ RunTime:0.000000s ]
INFO: [ template_filter ] --END-- [ RunTime:0.000000s ]
SQL: SHOW COLUMNS FROM `category` [ RunTime:0.0050s ]
SQL: SELECT * FROM `category` WHERE ( fid=0 )  [ RunTime:0.0010s ]
NOTIC: [8] Use of undefined constant v - assumed 'v' E:\internet\nginx\html\Roma\Runtime\Cache\Home\350ba6218a15f85d69ef8d8e6c5b2e3f.php 第 9 行.
NOTIC: [2] Illegal string offset 'url' E:\internet\nginx\html\Roma\Runtime\Cache\Home\350ba6218a15f85d69ef8d8e6c5b2e3f.php 第 9 行.
NOTIC: [8] Use of undefined constant v - assumed 'v' E:\internet\nginx\html\Roma\Runtime\Cache\Home\350ba6218a15f85d69ef8d8e6c5b2e3f.php 第 9 行.
NOTIC: [2] Illegal string offset 'url' E:\internet\nginx\html\Roma\Runtime\Cache\Home\350ba6218a15f85d69ef8d8e6c5b2e3f.php 第 9 行.
NOTIC: [8] Use of undefined constant v - assumed 'v' E:\internet\nginx\html\Roma\Runtime\Cache\Home\350ba6218a15f85d69ef8d8e6c5b2e3f.php 第 9 行.
NOTIC: [2] Illegal string offset 'url' E:\internet\nginx\html\Roma\Runtime\Cache\Home\350ba6218a15f85d69ef8d8e6c5b2e3f.php 第 9 行.
NOTIC: [8] Use of undefined constant v - assumed 'v' E:\internet\nginx\html\Roma\Runtime\Cache\Home\350ba6218a15f85d69ef8d8e6c5b2e3f.php 第 9 行.
NOTIC: [2] Illegal string offset 'url' E:\internet\nginx\html\Roma\Runtime\Cache\Home\350ba6218a15f85d69ef8d8e6c5b2e3f.php 第 9 行.
NOTIC: [8] Use of undefined constant v - assumed 'v' E:\internet\nginx\html\Roma\Runtime\Cache\Home\350ba6218a15f85d69ef8d8e6c5b2e3f.php 第 9 行.
NOTIC: [2] Illegal string offset 'url' E:\internet\nginx\html\Roma\Runtime\Cache\Home\350ba6218a15f85d69ef8d8e6c5b2e3f.php 第 9 行.
NOTIC: [8] Use of undefined constant v - assumed 'v' E:\internet\nginx\html\Roma\Runtime\Cache\Home\350ba6218a15f85d69ef8d8e6c5b2e3f.php 第 9 行.
NOTIC: [2] Illegal string offset 'url' E:\internet\nginx\html\Roma\Runtime\Cache\Home\350ba6218a15f85d69ef8d8e6c5b2e3f.php 第 9 行.
INFO: Run Behavior\ParseTemplateBehavior [ RunTime:0.025001s ]
INFO: [ view_parse ] --END-- [ RunTime:0.025001s ]
INFO: [ view_filter ] --START--
INFO: Run Behavior\WriteHtmlCacheBehavior [ RunTime:0.001000s ]
INFO: [ view_filter ] --END-- [ RunTime:0.001000s ]
INFO: [ app_end ] --START--
INFO: Run Behavior\ShowPageTraceBehavior [ RunTime:0.001000s ]
INFO: [ app_end ] --END-- [ RunTime:0.001000s ]

[ 2016-04-20T15:52:54+08:00 ] 127.0.0.1 /index.php/home/index/index
INFO: [ app_init ] --START--
INFO: Run Behavior\BuildLiteBehavior [ RunTime:0.000000s ]
INFO: [ app_init ] --END-- [ RunTime:0.001000s ]
INFO: [ app_begin ] --START--
INFO: Run Behavior\ReadHtmlCacheBehavior [ RunTime:0.001000s ]
INFO: [ app_begin ] --END-- [ RunTime:0.001000s ]
INFO: [ view_parse ] --START--
INFO: [ template_filter ] --START--
INFO: Run Behavior\ContentReplaceBehavior [ RunTime:0.000000s ]
INFO: [ template_filter ] --END-- [ RunTime:0.000000s ]
SQL: SHOW COLUMNS FROM `category` [ RunTime:0.0040s ]
SQL: SELECT * FROM `category` WHERE ( fid=0 )  [ RunTime:0.0010s ]
NOTIC: [8] Use of undefined constant v - assumed 'v' E:\internet\nginx\html\Roma\Runtime\Cache\Home\350ba6218a15f85d69ef8d8e6c5b2e3f.php 第 9 行.
NOTIC: [2] Illegal string offset 'url' E:\internet\nginx\html\Roma\Runtime\Cache\Home\350ba6218a15f85d69ef8d8e6c5b2e3f.php 第 9 行.
NOTIC: [8] Use of undefined constant v - assumed 'v' E:\internet\nginx\html\Roma\Runtime\Cache\Home\350ba6218a15f85d69ef8d8e6c5b2e3f.php 第 9 行.
NOTIC: [2] Illegal string offset 'url' E:\internet\nginx\html\Roma\Runtime\Cache\Home\350ba6218a15f85d69ef8d8e6c5b2e3f.php 第 9 行.
NOTIC: [8] Use of undefined constant v - assumed 'v' E:\internet\nginx\html\Roma\Runtime\Cache\Home\350ba6218a15f85d69ef8d8e6c5b2e3f.php 第 9 行.
NOTIC: [2] Illegal string offset 'url' E:\internet\nginx\html\Roma\Runtime\Cache\Home\350ba6218a15f85d69ef8d8e6c5b2e3f.php 第 9 行.
NOTIC: [8] Use of undefined constant v - assumed 'v' E:\internet\nginx\html\Roma\Runtime\Cache\Home\350ba6218a15f85d69ef8d8e6c5b2e3f.php 第 9 行.
NOTIC: [2] Illegal string offset 'url' E:\internet\nginx\html\Roma\Runtime\Cache\Home\350ba6218a15f85d69ef8d8e6c5b2e3f.php 第 9 行.
NOTIC: [8] Use of undefined constant v - assumed 'v' E:\internet\nginx\html\Roma\Runtime\Cache\Home\350ba6218a15f85d69ef8d8e6c5b2e3f.php 第 9 行.
NOTIC: [2] Illegal string offset 'url' E:\internet\nginx\html\Roma\Runtime\Cache\Home\350ba6218a15f85d69ef8d8e6c5b2e3f.php 第 9 行.
NOTIC: [8] Use of undefined constant v - assumed 'v' E:\internet\nginx\html\Roma\Runtime\Cache\Home\350ba6218a15f85d69ef8d8e6c5b2e3f.php 第 9 行.
NOTIC: [2] Illegal string offset 'url' E:\internet\nginx\html\Roma\Runtime\Cache\Home\350ba6218a15f85d69ef8d8e6c5b2e3f.php 第 9 行.
INFO: Run Behavior\ParseTemplateBehavior [ RunTime:0.034002s ]
INFO: [ view_parse ] --END-- [ RunTime:0.034002s ]
INFO: [ view_filter ] --START--
INFO: Run Behavior\WriteHtmlCacheBehavior [ RunTime:0.001000s ]
INFO: [ view_filter ] --END-- [ RunTime:0.001000s ]
INFO: [ app_end ] --START--
INFO: Run Behavior\ShowPageTraceBehavior [ RunTime:0.001000s ]
INFO: [ app_end ] --END-- [ RunTime:0.001000s ]

[ 2016-04-20T15:53:13+08:00 ] 127.0.0.1 /index.php/home/index/index
INFO: [ app_init ] --START--
INFO: Run Behavior\BuildLiteBehavior [ RunTime:0.000000s ]
INFO: [ app_init ] --END-- [ RunTime:0.001000s ]
INFO: [ app_begin ] --START--
INFO: Run Behavior\ReadHtmlCacheBehavior [ RunTime:0.001000s ]
INFO: [ app_begin ] --END-- [ RunTime:0.001000s ]
INFO: [ view_parse ] --START--
INFO: [ template_filter ] --START--
INFO: Run Behavior\ContentReplaceBehavior [ RunTime:0.000000s ]
INFO: [ template_filter ] --END-- [ RunTime:0.000000s ]
SQL: SHOW COLUMNS FROM `category` [ RunTime:0.0050s ]
SQL: SELECT * FROM `category` WHERE ( fid=0 )  [ RunTime:0.0000s ]
NOTIC: [8] Use of undefined constant v - assumed 'v' E:\internet\nginx\html\Roma\Runtime\Cache\Home\350ba6218a15f85d69ef8d8e6c5b2e3f.php 第 9 行.
NOTIC: [2] Illegal string offset 'url' E:\internet\nginx\html\Roma\Runtime\Cache\Home\350ba6218a15f85d69ef8d8e6c5b2e3f.php 第 9 行.
NOTIC: [8] Use of undefined constant v - assumed 'v' E:\internet\nginx\html\Roma\Runtime\Cache\Home\350ba6218a15f85d69ef8d8e6c5b2e3f.php 第 9 行.
NOTIC: [2] Illegal string offset 'url' E:\internet\nginx\html\Roma\Runtime\Cache\Home\350ba6218a15f85d69ef8d8e6c5b2e3f.php 第 9 行.
NOTIC: [8] Use of undefined constant v - assumed 'v' E:\internet\nginx\html\Roma\Runtime\Cache\Home\350ba6218a15f85d69ef8d8e6c5b2e3f.php 第 9 行.
NOTIC: [2] Illegal string offset 'url' E:\internet\nginx\html\Roma\Runtime\Cache\Home\350ba6218a15f85d69ef8d8e6c5b2e3f.php 第 9 行.
NOTIC: [8] Use of undefined constant v - assumed 'v' E:\internet\nginx\html\Roma\Runtime\Cache\Home\350ba6218a15f85d69ef8d8e6c5b2e3f.php 第 9 行.
NOTIC: [2] Illegal string offset 'url' E:\internet\nginx\html\Roma\Runtime\Cache\Home\350ba6218a15f85d69ef8d8e6c5b2e3f.php 第 9 行.
NOTIC: [8] Use of undefined constant v - assumed 'v' E:\internet\nginx\html\Roma\Runtime\Cache\Home\350ba6218a15f85d69ef8d8e6c5b2e3f.php 第 9 行.
NOTIC: [2] Illegal string offset 'url' E:\internet\nginx\html\Roma\Runtime\Cache\Home\350ba6218a15f85d69ef8d8e6c5b2e3f.php 第 9 行.
NOTIC: [8] Use of undefined constant v - assumed 'v' E:\internet\nginx\html\Roma\Runtime\Cache\Home\350ba6218a15f85d69ef8d8e6c5b2e3f.php 第 9 行.
NOTIC: [2] Illegal string offset 'url' E:\internet\nginx\html\Roma\Runtime\Cache\Home\350ba6218a15f85d69ef8d8e6c5b2e3f.php 第 9 行.
INFO: Run Behavior\ParseTemplateBehavior [ RunTime:0.034002s ]
INFO: [ view_parse ] --END-- [ RunTime:0.034002s ]
INFO: [ view_filter ] --START--
INFO: Run Behavior\WriteHtmlCacheBehavior [ RunTime:0.001000s ]
INFO: [ view_filter ] --END-- [ RunTime:0.001000s ]
INFO: [ app_end ] --START--
INFO: Run Behavior\ShowPageTraceBehavior [ RunTime:0.001000s ]
INFO: [ app_end ] --END-- [ RunTime:0.001000s ]

[ 2016-04-20T15:53:26+08:00 ] 127.0.0.1 /index.php/home/index/index
INFO: [ app_init ] --START--
INFO: Run Behavior\BuildLiteBehavior [ RunTime:0.000000s ]
INFO: [ app_init ] --END-- [ RunTime:0.001000s ]
INFO: [ app_begin ] --START--
INFO: Run Behavior\ReadHtmlCacheBehavior [ RunTime:0.001000s ]
INFO: [ app_begin ] --END-- [ RunTime:0.001000s ]
INFO: [ view_parse ] --START--
NOTIC: [8] Undefined index: id E:\internet\nginx\html\ThinkPHP\Library\Think\Template\TagLib\Cx.class.php 第 70 行.
INFO: [ template_filter ] --START--
INFO: Run Behavior\ContentReplaceBehavior [ RunTime:0.000000s ]
INFO: [ template_filter ] --END-- [ RunTime:0.000000s ]

[ 2016-04-20T15:53:47+08:00 ] 127.0.0.1 /index.php/home/index/index
INFO: [ app_init ] --START--
INFO: Run Behavior\BuildLiteBehavior [ RunTime:0.000000s ]
INFO: [ app_init ] --END-- [ RunTime:0.000000s ]
INFO: [ app_begin ] --START--
INFO: Run Behavior\ReadHtmlCacheBehavior [ RunTime:0.000000s ]
INFO: [ app_begin ] --END-- [ RunTime:0.001000s ]
INFO: [ view_parse ] --START--
INFO: [ template_filter ] --START--
INFO: Run Behavior\ContentReplaceBehavior [ RunTime:0.001000s ]
INFO: [ template_filter ] --END-- [ RunTime:0.001000s ]
SQL: SHOW COLUMNS FROM `category` [ RunTime:0.0050s ]
SQL: SELECT * FROM `category` WHERE ( fid=0 )  [ RunTime:0.0000s ]
NOTIC: [8] Use of undefined constant v - assumed 'v' E:\internet\nginx\html\Roma\Runtime\Cache\Home\350ba6218a15f85d69ef8d8e6c5b2e3f.php 第 9 行.
NOTIC: [2] Illegal string offset 'url' E:\internet\nginx\html\Roma\Runtime\Cache\Home\350ba6218a15f85d69ef8d8e6c5b2e3f.php 第 9 行.
NOTIC: [8] Use of undefined constant v - assumed 'v' E:\internet\nginx\html\Roma\Runtime\Cache\Home\350ba6218a15f85d69ef8d8e6c5b2e3f.php 第 9 行.
NOTIC: [2] Illegal string offset 'url' E:\internet\nginx\html\Roma\Runtime\Cache\Home\350ba6218a15f85d69ef8d8e6c5b2e3f.php 第 9 行.
NOTIC: [8] Use of undefined constant v - assumed 'v' E:\internet\nginx\html\Roma\Runtime\Cache\Home\350ba6218a15f85d69ef8d8e6c5b2e3f.php 第 9 行.
NOTIC: [2] Illegal string offset 'url' E:\internet\nginx\html\Roma\Runtime\Cache\Home\350ba6218a15f85d69ef8d8e6c5b2e3f.php 第 9 行.
NOTIC: [8] Use of undefined constant v - assumed 'v' E:\internet\nginx\html\Roma\Runtime\Cache\Home\350ba6218a15f85d69ef8d8e6c5b2e3f.php 第 9 行.
NOTIC: [2] Illegal string offset 'url' E:\internet\nginx\html\Roma\Runtime\Cache\Home\350ba6218a15f85d69ef8d8e6c5b2e3f.php 第 9 行.
NOTIC: [8] Use of undefined constant v - assumed 'v' E:\internet\nginx\html\Roma\Runtime\Cache\Home\350ba6218a15f85d69ef8d8e6c5b2e3f.php 第 9 行.
NOTIC: [2] Illegal string offset 'url' E:\internet\nginx\html\Roma\Runtime\Cache\Home\350ba6218a15f85d69ef8d8e6c5b2e3f.php 第 9 行.
NOTIC: [8] Use of undefined constant v - assumed 'v' E:\internet\nginx\html\Roma\Runtime\Cache\Home\350ba6218a15f85d69ef8d8e6c5b2e3f.php 第 9 行.
NOTIC: [2] Illegal string offset 'url' E:\internet\nginx\html\Roma\Runtime\Cache\Home\350ba6218a15f85d69ef8d8e6c5b2e3f.php 第 9 行.
INFO: Run Behavior\ParseTemplateBehavior [ RunTime:0.025001s ]
INFO: [ view_parse ] --END-- [ RunTime:0.025001s ]
INFO: [ view_filter ] --START--
INFO: Run Behavior\WriteHtmlCacheBehavior [ RunTime:0.001000s ]
INFO: [ view_filter ] --END-- [ RunTime:0.001000s ]
INFO: [ app_end ] --START--
INFO: Run Behavior\ShowPageTraceBehavior [ RunTime:0.001000s ]
INFO: [ app_end ] --END-- [ RunTime:0.001000s ]

[ 2016-04-20T15:53:56+08:00 ] 127.0.0.1 /index.php/home/index/index
INFO: [ app_init ] --START--
INFO: Run Behavior\BuildLiteBehavior [ RunTime:0.000000s ]
INFO: [ app_init ] --END-- [ RunTime:0.001000s ]
INFO: [ app_begin ] --START--
INFO: Run Behavior\ReadHtmlCacheBehavior [ RunTime:0.001000s ]
INFO: [ app_begin ] --END-- [ RunTime:0.001000s ]
INFO: [ view_parse ] --START--
INFO: [ template_filter ] --START--
INFO: Run Behavior\ContentReplaceBehavior [ RunTime:0.000000s ]
INFO: [ template_filter ] --END-- [ RunTime:0.000000s ]
SQL: SHOW COLUMNS FROM `category` [ RunTime:0.0040s ]
SQL: SELECT * FROM `category` WHERE ( fid=0 )  [ RunTime:0.0010s ]
NOTIC: [8] Use of undefined constant v - assumed 'v' E:\internet\nginx\html\Roma\Runtime\Cache\Home\350ba6218a15f85d69ef8d8e6c5b2e3f.php 第 9 行.
NOTIC: [2] Illegal string offset 'url' E:\internet\nginx\html\Roma\Runtime\Cache\Home\350ba6218a15f85d69ef8d8e6c5b2e3f.php 第 9 行.
NOTIC: [8] Use of undefined constant name - assumed 'name' E:\internet\nginx\html\Roma\Runtime\Cache\Home\350ba6218a15f85d69ef8d8e6c5b2e3f.php 第 9 行.
NOTIC: [8] Use of undefined constant v - assumed 'v' E:\internet\nginx\html\Roma\Runtime\Cache\Home\350ba6218a15f85d69ef8d8e6c5b2e3f.php 第 9 行.
NOTIC: [2] Illegal string offset 'url' E:\internet\nginx\html\Roma\Runtime\Cache\Home\350ba6218a15f85d69ef8d8e6c5b2e3f.php 第 9 行.
NOTIC: [8] Use of undefined constant name - assumed 'name' E:\internet\nginx\html\Roma\Runtime\Cache\Home\350ba6218a15f85d69ef8d8e6c5b2e3f.php 第 9 行.
NOTIC: [8] Use of undefined constant v - assumed 'v' E:\internet\nginx\html\Roma\Runtime\Cache\Home\350ba6218a15f85d69ef8d8e6c5b2e3f.php 第 9 行.
NOTIC: [2] Illegal string offset 'url' E:\internet\nginx\html\Roma\Runtime\Cache\Home\350ba6218a15f85d69ef8d8e6c5b2e3f.php 第 9 行.
NOTIC: [8] Use of undefined constant name - assumed 'name' E:\internet\nginx\html\Roma\Runtime\Cache\Home\350ba6218a15f85d69ef8d8e6c5b2e3f.php 第 9 行.
NOTIC: [8] Use of undefined constant v - assumed 'v' E:\internet\nginx\html\Roma\Runtime\Cache\Home\350ba6218a15f85d69ef8d8e6c5b2e3f.php 第 9 行.
NOTIC: [2] Illegal string offset 'url' E:\internet\nginx\html\Roma\Runtime\Cache\Home\350ba6218a15f85d69ef8d8e6c5b2e3f.php 第 9 行.
NOTIC: [8] Use of undefined constant name - assumed 'name' E:\internet\nginx\html\Roma\Runtime\Cache\Home\350ba6218a15f85d69ef8d8e6c5b2e3f.php 第 9 行.
NOTIC: [8] Use of undefined constant v - assumed 'v' E:\internet\nginx\html\Roma\Runtime\Cache\Home\350ba6218a15f85d69ef8d8e6c5b2e3f.php 第 9 行.
NOTIC: [2] Illegal string offset 'url' E:\internet\nginx\html\Roma\Runtime\Cache\Home\350ba6218a15f85d69ef8d8e6c5b2e3f.php 第 9 行.
NOTIC: [8] Use of undefined constant name - assumed 'name' E:\internet\nginx\html\Roma\Runtime\Cache\Home\350ba6218a15f85d69ef8d8e6c5b2e3f.php 第 9 行.
NOTIC: [8] Use of undefined constant v - assumed 'v' E:\internet\nginx\html\Roma\Runtime\Cache\Home\350ba6218a15f85d69ef8d8e6c5b2e3f.php 第 9 行.
NOTIC: [2] Illegal string offset 'url' E:\internet\nginx\html\Roma\Runtime\Cache\Home\350ba6218a15f85d69ef8d8e6c5b2e3f.php 第 9 行.
NOTIC: [8] Use of undefined constant name - assumed 'name' E:\internet\nginx\html\Roma\Runtime\Cache\Home\350ba6218a15f85d69ef8d8e6c5b2e3f.php 第 9 行.
INFO: Run Behavior\ParseTemplateBehavior [ RunTime:0.025001s ]
INFO: [ view_parse ] --END-- [ RunTime:0.025001s ]
INFO: [ view_filter ] --START--
INFO: Run Behavior\WriteHtmlCacheBehavior [ RunTime:0.001000s ]
INFO: [ view_filter ] --END-- [ RunTime:0.001000s ]
INFO: [ app_end ] --START--
INFO: Run Behavior\ShowPageTraceBehavior [ RunTime:0.002000s ]
INFO: [ app_end ] --END-- [ RunTime:0.002000s ]

[ 2016-04-20T15:54:07+08:00 ] 127.0.0.1 /index.php/home/index/index
INFO: [ app_init ] --START--
INFO: Run Behavior\BuildLiteBehavior [ RunTime:0.000000s ]
INFO: [ app_init ] --END-- [ RunTime:0.001000s ]
INFO: [ app_begin ] --START--
INFO: Run Behavior\ReadHtmlCacheBehavior [ RunTime:0.000000s ]
INFO: [ app_begin ] --END-- [ RunTime:0.001000s ]
INFO: [ view_parse ] --START--
INFO: [ template_filter ] --START--
INFO: Run Behavior\ContentReplaceBehavior [ RunTime:0.000000s ]
INFO: [ template_filter ] --END-- [ RunTime:0.000000s ]
SQL: SHOW COLUMNS FROM `category` [ RunTime:0.0050s ]
SQL: SELECT * FROM `category` WHERE ( fid=0 )  [ RunTime:0.0000s ]
NOTIC: [8] Use of undefined constant v - assumed 'v' E:\internet\nginx\html\Roma\Runtime\Cache\Home\350ba6218a15f85d69ef8d8e6c5b2e3f.php 第 9 行.
NOTIC: [2] Illegal string offset 'url' E:\internet\nginx\html\Roma\Runtime\Cache\Home\350ba6218a15f85d69ef8d8e6c5b2e3f.php 第 9 行.
NOTIC: [8] Use of undefined constant ename - assumed 'ename' E:\internet\nginx\html\Roma\Runtime\Cache\Home\350ba6218a15f85d69ef8d8e6c5b2e3f.php 第 9 行.
NOTIC: [8] Use of undefined constant name - assumed 'name' E:\internet\nginx\html\Roma\Runtime\Cache\Home\350ba6218a15f85d69ef8d8e6c5b2e3f.php 第 9 行.
NOTIC: [8] Use of undefined constant v - assumed 'v' E:\internet\nginx\html\Roma\Runtime\Cache\Home\350ba6218a15f85d69ef8d8e6c5b2e3f.php 第 9 行.
NOTIC: [2] Illegal string offset 'url' E:\internet\nginx\html\Roma\Runtime\Cache\Home\350ba6218a15f85d69ef8d8e6c5b2e3f.php 第 9 行.
NOTIC: [8] Use of undefined constant ename - assumed 'ename' E:\internet\nginx\html\Roma\Runtime\Cache\Home\350ba6218a15f85d69ef8d8e6c5b2e3f.php 第 9 行.
NOTIC: [8] Use of undefined constant name - assumed 'name' E:\internet\nginx\html\Roma\Runtime\Cache\Home\350ba6218a15f85d69ef8d8e6c5b2e3f.php 第 9 行.
NOTIC: [8] Use of undefined constant v - assumed 'v' E:\internet\nginx\html\Roma\Runtime\Cache\Home\350ba6218a15f85d69ef8d8e6c5b2e3f.php 第 9 行.
NOTIC: [2] Illegal string offset 'url' E:\internet\nginx\html\Roma\Runtime\Cache\Home\350ba6218a15f85d69ef8d8e6c5b2e3f.php 第 9 行.
NOTIC: [8] Use of undefined constant ename - assumed 'ename' E:\internet\nginx\html\Roma\Runtime\Cache\Home\350ba6218a15f85d69ef8d8e6c5b2e3f.php 第 9 行.
NOTIC: [8] Use of undefined constant name - assumed 'name' E:\internet\nginx\html\Roma\Runtime\Cache\Home\350ba6218a15f85d69ef8d8e6c5b2e3f.php 第 9 行.
NOTIC: [8] Use of undefined constant v - assumed 'v' E:\internet\nginx\html\Roma\Runtime\Cache\Home\350ba6218a15f85d69ef8d8e6c5b2e3f.php 第 9 行.
NOTIC: [2] Illegal string offset 'url' E:\internet\nginx\html\Roma\Runtime\Cache\Home\350ba6218a15f85d69ef8d8e6c5b2e3f.php 第 9 行.
NOTIC: [8] Use of undefined constant ename - assumed 'ename' E:\internet\nginx\html\Roma\Runtime\Cache\Home\350ba6218a15f85d69ef8d8e6c5b2e3f.php 第 9 行.
NOTIC: [8] Use of undefined constant name - assumed 'name' E:\internet\nginx\html\Roma\Runtime\Cache\Home\350ba6218a15f85d69ef8d8e6c5b2e3f.php 第 9 行.
NOTIC: [8] Use of undefined constant v - assumed 'v' E:\internet\nginx\html\Roma\Runtime\Cache\Home\350ba6218a15f85d69ef8d8e6c5b2e3f.php 第 9 行.
NOTIC: [2] Illegal string offset 'url' E:\internet\nginx\html\Roma\Runtime\Cache\Home\350ba6218a15f85d69ef8d8e6c5b2e3f.php 第 9 行.
NOTIC: [8] Use of undefined constant ename - assumed 'ename' E:\internet\nginx\html\Roma\Runtime\Cache\Home\350ba6218a15f85d69ef8d8e6c5b2e3f.php 第 9 行.
NOTIC: [8] Use of undefined constant name - assumed 'name' E:\internet\nginx\html\Roma\Runtime\Cache\Home\350ba6218a15f85d69ef8d8e6c5b2e3f.php 第 9 行.
NOTIC: [8] Use of undefined constant v - assumed 'v' E:\internet\nginx\html\Roma\Runtime\Cache\Home\350ba6218a15f85d69ef8d8e6c5b2e3f.php 第 9 行.
NOTIC: [2] Illegal string offset 'url' E:\internet\nginx\html\Roma\Runtime\Cache\Home\350ba6218a15f85d69ef8d8e6c5b2e3f.php 第 9 行.
NOTIC: [8] Use of undefined constant ename - assumed 'ename' E:\internet\nginx\html\Roma\Runtime\Cache\Home\350ba6218a15f85d69ef8d8e6c5b2e3f.php 第 9 行.
NOTIC: [8] Use of undefined constant name - assumed 'name' E:\internet\nginx\html\Roma\Runtime\Cache\Home\350ba6218a15f85d69ef8d8e6c5b2e3f.php 第 9 行.
INFO: Run Behavior\ParseTemplateBehavior [ RunTime:0.035002s ]
INFO: [ view_parse ] --END-- [ RunTime:0.035002s ]
INFO: [ view_filter ] --START--
INFO: Run Behavior\WriteHtmlCacheBehavior [ RunTime:0.001000s ]
INFO: [ view_filter ] --END-- [ RunTime:0.001000s ]
INFO: [ app_end ] --START--
INFO: Run Behavior\ShowPageTraceBehavior [ RunTime:0.001000s ]
INFO: [ app_end ] --END-- [ RunTime:0.001000s ]

[ 2016-04-20T15:54:17+08:00 ] 127.0.0.1 /index.php/home/index/index
INFO: [ app_init ] --START--
INFO: Run Behavior\BuildLiteBehavior [ RunTime:0.000000s ]
INFO: [ app_init ] --END-- [ RunTime:0.001000s ]
INFO: [ app_begin ] --START--
INFO: Run Behavior\ReadHtmlCacheBehavior [ RunTime:0.001000s ]
INFO: [ app_begin ] --END-- [ RunTime:0.001000s ]
INFO: [ view_parse ] --START--
INFO: [ template_filter ] --START--
INFO: Run Behavior\ContentReplaceBehavior [ RunTime:0.000000s ]
INFO: [ template_filter ] --END-- [ RunTime:0.000000s ]

[ 2016-04-20T15:54:37+08:00 ] 127.0.0.1 /index.php/home/index/index
INFO: [ app_init ] --START--
INFO: Run Behavior\BuildLiteBehavior [ RunTime:0.000000s ]
INFO: [ app_init ] --END-- [ RunTime:0.000000s ]
INFO: [ app_begin ] --START--
INFO: Run Behavior\ReadHtmlCacheBehavior [ RunTime:0.001000s ]
INFO: [ app_begin ] --END-- [ RunTime:0.001000s ]
INFO: [ view_parse ] --START--
INFO: [ template_filter ] --START--
INFO: Run Behavior\ContentReplaceBehavior [ RunTime:0.000000s ]
INFO: [ template_filter ] --END-- [ RunTime:0.000000s ]
SQL: SHOW COLUMNS FROM `category` [ RunTime:0.0050s ]
SQL: SELECT * FROM `category` WHERE ( fid=0 )  [ RunTime:0.0000s ]
NOTIC: [8] Use of undefined constant v - assumed 'v' E:\internet\nginx\html\Roma\Runtime\Cache\Home\350ba6218a15f85d69ef8d8e6c5b2e3f.php 第 9 行.
NOTIC: [2] Illegal string offset 'url' E:\internet\nginx\html\Roma\Runtime\Cache\Home\350ba6218a15f85d69ef8d8e6c5b2e3f.php 第 9 行.
NOTIC: [8] Use of undefined constant ename - assumed 'ename' E:\internet\nginx\html\Roma\Runtime\Cache\Home\350ba6218a15f85d69ef8d8e6c5b2e3f.php 第 9 行.
NOTIC: [8] Use of undefined constant name - assumed 'name' E:\internet\nginx\html\Roma\Runtime\Cache\Home\350ba6218a15f85d69ef8d8e6c5b2e3f.php 第 9 行.
NOTIC: [8] Use of undefined constant v - assumed 'v' E:\internet\nginx\html\Roma\Runtime\Cache\Home\350ba6218a15f85d69ef8d8e6c5b2e3f.php 第 9 行.
NOTIC: [2] Illegal string offset 'url' E:\internet\nginx\html\Roma\Runtime\Cache\Home\350ba6218a15f85d69ef8d8e6c5b2e3f.php 第 9 行.
NOTIC: [8] Use of undefined constant ename - assumed 'ename' E:\internet\nginx\html\Roma\Runtime\Cache\Home\350ba6218a15f85d69ef8d8e6c5b2e3f.php 第 9 行.
NOTIC: [8] Use of undefined constant name - assumed 'name' E:\internet\nginx\html\Roma\Runtime\Cache\Home\350ba6218a15f85d69ef8d8e6c5b2e3f.php 第 9 行.
NOTIC: [8] Use of undefined constant v - assumed 'v' E:\internet\nginx\html\Roma\Runtime\Cache\Home\350ba6218a15f85d69ef8d8e6c5b2e3f.php 第 9 行.
NOTIC: [2] Illegal string offset 'url' E:\internet\nginx\html\Roma\Runtime\Cache\Home\350ba6218a15f85d69ef8d8e6c5b2e3f.php 第 9 行.
NOTIC: [8] Use of undefined constant ename - assumed 'ename' E:\internet\nginx\html\Roma\Runtime\Cache\Home\350ba6218a15f85d69ef8d8e6c5b2e3f.php 第 9 行.
NOTIC: [8] Use of undefined constant name - assumed 'name' E:\internet\nginx\html\Roma\Runtime\Cache\Home\350ba6218a15f85d69ef8d8e6c5b2e3f.php 第 9 行.
NOTIC: [8] Use of undefined constant v - assumed 'v' E:\internet\nginx\html\Roma\Runtime\Cache\Home\350ba6218a15f85d69ef8d8e6c5b2e3f.php 第 9 行.
NOTIC: [2] Illegal string offset 'url' E:\internet\nginx\html\Roma\Runtime\Cache\Home\350ba6218a15f85d69ef8d8e6c5b2e3f.php 第 9 行.
NOTIC: [8] Use of undefined constant ename - assumed 'ename' E:\internet\nginx\html\Roma\Runtime\Cache\Home\350ba6218a15f85d69ef8d8e6c5b2e3f.php 第 9 行.
NOTIC: [8] Use of undefined constant name - assumed 'name' E:\internet\nginx\html\Roma\Runtime\Cache\Home\350ba6218a15f85d69ef8d8e6c5b2e3f.php 第 9 行.
NOTIC: [8] Use of undefined constant v - assumed 'v' E:\internet\nginx\html\Roma\Runtime\Cache\Home\350ba6218a15f85d69ef8d8e6c5b2e3f.php 第 9 行.
NOTIC: [2] Illegal string offset 'url' E:\internet\nginx\html\Roma\Runtime\Cache\Home\350ba6218a15f85d69ef8d8e6c5b2e3f.php 第 9 行.
NOTIC: [8] Use of undefined constant ename - assumed 'ename' E:\internet\nginx\html\Roma\Runtime\Cache\Home\350ba6218a15f85d69ef8d8e6c5b2e3f.php 第 9 行.
NOTIC: [8] Use of undefined constant name - assumed 'name' E:\internet\nginx\html\Roma\Runtime\Cache\Home\350ba6218a15f85d69ef8d8e6c5b2e3f.php 第 9 行.
NOTIC: [8] Use of undefined constant v - assumed 'v' E:\internet\nginx\html\Roma\Runtime\Cache\Home\350ba6218a15f85d69ef8d8e6c5b2e3f.php 第 9 行.
NOTIC: [2] Illegal string offset 'url' E:\internet\nginx\html\Roma\Runtime\Cache\Home\350ba6218a15f85d69ef8d8e6c5b2e3f.php 第 9 行.
NOTIC: [8] Use of undefined constant ename - assumed 'ename' E:\internet\nginx\html\Roma\Runtime\Cache\Home\350ba6218a15f85d69ef8d8e6c5b2e3f.php 第 9 行.
NOTIC: [8] Use of undefined constant name - assumed 'name' E:\internet\nginx\html\Roma\Runtime\Cache\Home\350ba6218a15f85d69ef8d8e6c5b2e3f.php 第 9 行.
INFO: Run Behavior\ParseTemplateBehavior [ RunTime:0.025002s ]
INFO: [ view_parse ] --END-- [ RunTime:0.025002s ]
INFO: [ view_filter ] --START--
INFO: Run Behavior\WriteHtmlCacheBehavior [ RunTime:0.001000s ]
INFO: [ view_filter ] --END-- [ RunTime:0.001000s ]
INFO: [ app_end ] --START--
INFO: Run Behavior\ShowPageTraceBehavior [ RunTime:0.001000s ]
INFO: [ app_end ] --END-- [ RunTime:0.001000s ]

[ 2016-04-20T15:54:40+08:00 ] 127.0.0.1 /index.php/home/index/index
INFO: [ app_init ] --START--
INFO: Run Behavior\BuildLiteBehavior [ RunTime:0.000000s ]
INFO: [ app_init ] --END-- [ RunTime:0.000000s ]
INFO: [ app_begin ] --START--
INFO: Run Behavior\ReadHtmlCacheBehavior [ RunTime:0.001000s ]
INFO: [ app_begin ] --END-- [ RunTime:0.001000s ]
INFO: [ view_parse ] --START--
INFO: [ template_filter ] --START--
INFO: Run Behavior\ContentReplaceBehavior [ RunTime:0.000000s ]
INFO: [ template_filter ] --END-- [ RunTime:0.000000s ]
SQL: SHOW COLUMNS FROM `category` [ RunTime:0.0050s ]
SQL: SELECT * FROM `category` WHERE ( fid=0 )  [ RunTime:0.0000s ]
NOTIC: [8] Use of undefined constant ename - assumed 'ename' E:\internet\nginx\html\Roma\Runtime\Cache\Home\350ba6218a15f85d69ef8d8e6c5b2e3f.php 第 9 行.
NOTIC: [8] Use of undefined constant name - assumed 'name' E:\internet\nginx\html\Roma\Runtime\Cache\Home\350ba6218a15f85d69ef8d8e6c5b2e3f.php 第 9 行.
NOTIC: [8] Use of undefined constant ename - assumed 'ename' E:\internet\nginx\html\Roma\Runtime\Cache\Home\350ba6218a15f85d69ef8d8e6c5b2e3f.php 第 9 行.
NOTIC: [8] Use of undefined constant name - assumed 'name' E:\internet\nginx\html\Roma\Runtime\Cache\Home\350ba6218a15f85d69ef8d8e6c5b2e3f.php 第 9 行.
NOTIC: [8] Use of undefined constant ename - assumed 'ename' E:\internet\nginx\html\Roma\Runtime\Cache\Home\350ba6218a15f85d69ef8d8e6c5b2e3f.php 第 9 行.
NOTIC: [8] Use of undefined constant name - assumed 'name' E:\internet\nginx\html\Roma\Runtime\Cache\Home\350ba6218a15f85d69ef8d8e6c5b2e3f.php 第 9 行.
NOTIC: [8] Use of undefined constant ename - assumed 'ename' E:\internet\nginx\html\Roma\Runtime\Cache\Home\350ba6218a15f85d69ef8d8e6c5b2e3f.php 第 9 行.
NOTIC: [8] Use of undefined constant name - assumed 'name' E:\internet\nginx\html\Roma\Runtime\Cache\Home\350ba6218a15f85d69ef8d8e6c5b2e3f.php 第 9 行.
NOTIC: [8] Use of undefined constant ename - assumed 'ename' E:\internet\nginx\html\Roma\Runtime\Cache\Home\350ba6218a15f85d69ef8d8e6c5b2e3f.php 第 9 行.
NOTIC: [8] Use of undefined constant name - assumed 'name' E:\internet\nginx\html\Roma\Runtime\Cache\Home\350ba6218a15f85d69ef8d8e6c5b2e3f.php 第 9 行.
NOTIC: [8] Use of undefined constant ename - assumed 'ename' E:\internet\nginx\html\Roma\Runtime\Cache\Home\350ba6218a15f85d69ef8d8e6c5b2e3f.php 第 9 行.
NOTIC: [8] Use of undefined constant name - assumed 'name' E:\internet\nginx\html\Roma\Runtime\Cache\Home\350ba6218a15f85d69ef8d8e6c5b2e3f.php 第 9 行.
INFO: Run Behavior\ParseTemplateBehavior [ RunTime:0.034002s ]
INFO: [ view_parse ] --END-- [ RunTime:0.034002s ]
INFO: [ view_filter ] --START--
INFO: Run Behavior\WriteHtmlCacheBehavior [ RunTime:0.000000s ]
INFO: [ view_filter ] --END-- [ RunTime:0.000000s ]
INFO: [ app_end ] --START--
INFO: Run Behavior\ShowPageTraceBehavior [ RunTime:0.001000s ]
INFO: [ app_end ] --END-- [ RunTime:0.001000s ]

